<?xml version="1.0" encoding="UTF-8"?>
<!-- Generated by org.testng.reporters.JUnitReportReporter -->
<testsuite hostname="STGIDT-NEW-41" failures="0" tests="1" name="TestCases.CamperTest" time="19.278" errors="0" timestamp="2022-01-25T13:08:38 IST" skipped="0">
  <testcase classname="TestCases.CamperTest" name="camperTest" time="19.278"/>
  <system-out/>
</testsuite> <!-- TestCases.CamperTest -->
