<?xml version="1.0" encoding="UTF-8"?>
<!-- Generated by org.testng.reporters.JUnitReportReporter -->
<testsuite hostname="STGIDT-NEW-41" failures="0" tests="1" name="TestCases.AutomobileTest" time="22.271" errors="0" timestamp="2022-01-25T13:08:38 IST" skipped="0">
  <testcase classname="TestCases.AutomobileTest" name="automobileTest" time="22.271"/>
  <system-out/>
</testsuite> <!-- TestCases.AutomobileTest -->
