<?xml version="1.0" encoding="UTF-8"?>
<!-- Generated by org.testng.reporters.JUnitReportReporter -->
<testsuite hostname="STGIDT-NEW-41" failures="0" tests="1" name="TestCases.MotorCycleTest" time="18.642" errors="0" timestamp="2022-01-25T13:08:38 IST" skipped="0">
  <testcase classname="TestCases.MotorCycleTest" name="motorCycleTest" time="18.642"/>
  <system-out/>
</testsuite> <!-- TestCases.MotorCycleTest -->
