<?xml version="1.0" encoding="UTF-8"?>
<!-- Generated by org.testng.reporters.JUnitReportReporter -->
<testsuite hostname="STGIDT-NEW-41" failures="0" tests="2" name="TestCases.BaseTest" time="75.082" errors="0" timestamp="2022-03-30T10:28:21 IST" skipped="0">
  <testcase classname="TestCases.BaseTest" name="baseTest" time="75.079"/>
  <system-out/>
  <testcase classname="TestCases.BaseTest" name="sample" time="0.003"/>
  <system-out/>
</testsuite> <!-- TestCases.BaseTest -->
