<?xml version="1.0" encoding="UTF-8"?>
<!-- Generated by org.testng.reporters.JUnitReportReporter -->
<testsuite hostname="STGIDT-NEW-41" failures="0" tests="2" name="TestCases.BaseTest" time="74.531" errors="0" timestamp="2022-03-15T10:52:29 IST" skipped="0">
  <testcase classname="TestCases.BaseTest" name="sample" time="0.002"/>
  <system-out/>
  <testcase classname="TestCases.BaseTest" name="baseTest" time="74.529"/>
  <system-out/>
</testsuite> <!-- TestCases.BaseTest -->
